<?xml version="1.0" encoding="UTF-8"?>
<testsuite xmlns:xsi="http://www.w3.org/2001/XMLSchema-instance" xsi:noNamespaceSchemaLocation="https://maven.apache.org/surefire/maven-surefire-plugin/xsd/surefire-test-report-3.0.xsd" version="3.0" name="org.example.RecipeBookTest" time="0.028" tests="11" errors="0" skipped="0" failures="0">
  <properties>
[...]
</properties>
  <testcase name="testSuccessfulDeleteRecipe" classname="org.example.RecipeBookTest" time="0.001"/>
  <testcase name="testEditValidRecipe" classname="org.example.RecipeBookTest" time="0.003"/>
  <testcase name="testGetRecipeBooks" classname="org.example.RecipeBookTest" time="0.001"/>
  <testcase name="testDeleteRecipe" classname="org.example.RecipeBookTest" time="0.002"/>
  <testcase name="testAddRecipeToEmptySpot" classname="org.example.RecipeBookTest" time="0.0"/>
  <testcase name="testAddRecipe" classname="org.example.RecipeBookTest" time="0.001"/>
  <testcase name="testEditRecipe" classname="org.example.RecipeBookTest" time="0.001"/>
  <testcase name="testEditRecipeWithNullRecipe" classname="org.example.RecipeBookTest" time="0.001"/>
  <testcase name="testDeleteRecipeThatIsEmpty" classname="org.example.RecipeBookTest" time="0.001"/>
  <testcase name="testEditRecipeAtNullPosition" classname="org.example.RecipeBookTest" time="0.0"/>
  <testcase name="testAddRecipeAddingTheSameRecipe" classname="org.example.RecipeBookTest" time="0.001"/>
</testsuite>